<?xml version="1.0" encoding="UTF-8"?>
<!-- Generated by org.testng.reporters.JUnitReportReporter -->
<testsuite hostname="pc" name="com.ozerian.enterprise.module2.NumberExecutorTest" tests="2" failures="0" timestamp="7 Apr 2016 15:53:06 GMT" time="0.005" errors="0">
  <testcase name="ExecuteWithValidator" time="0.005" classname="com.ozerian.enterprise.module2.NumberExecutorTest"/>
  <testcase name="ExecuteWithValidatorInvalid" time="0.000" classname="com.ozerian.enterprise.module2.NumberExecutorTest"/>
</testsuite> <!-- com.ozerian.enterprise.module2.NumberExecutorTest -->
